Started by timer
Running as SYSTEM
Building remotely on [8mha:////4Ap6ss1ABB+aVsdewseJJzzVsAsUb+GaGLNv0vVyqB0eAAAAmx+LCAAAAAAAAP9b85aBtbiIQTGjNKU4P08vOT+vOD8nVc83PyU1x6OyILUoJzMv2y+/JJUBAhiZGBgqihhk0NSjKDWzXb3RdlLBUSYGJk8GtpzUvPSSDB8G5tKinBIGIZ+sxLJE/ZzEvHT94JKizLx0a6BxUmjGOUNodHsLgAzWEgZ+/eT83ILSktQi/eKcxLJUAEnZB8bEAAAA[0mslave (wsl) in workspace /root/.jenkins/nodes/slave/workspace/L5-1
The recommended git tool is: NONE
No credentials specified
 > git rev-parse --resolve-git-dir /root/.jenkins/nodes/slave/workspace/L5-1/.git # timeout=10
Fetching changes from the remote Git repository
 > git config remote.origin.url https://github.com/vitalliuss/helloci.git # timeout=10
Fetching upstream changes from https://github.com/vitalliuss/helloci.git
 > git --version # timeout=10
 > git --version # 'git version 2.39.2'
 > git fetch --tags --force --progress -- https://github.com/vitalliuss/helloci.git +refs/heads/*:refs/remotes/origin/* # timeout=10
 > git rev-parse refs/remotes/origin/master^{commit} # timeout=10
Checking out Revision 71518a34152cb6c6039a2443ced60af30a31f14c (refs/remotes/origin/master)
 > git config core.sparsecheckout # timeout=10
 > git checkout -f 71518a34152cb6c6039a2443ced60af30a31f14c # timeout=10
Commit message: "Merge pull request #16 from EvgeniyRozhenko/fix-pom-utf8"
 > git rev-list --no-walk 71518a34152cb6c6039a2443ced60af30a31f14c # timeout=10
[L5-1] $ mvn test
[[1;34mINFO[m] Scanning for projects...
[[1;34mINFO[m] [1m------------------------------------------------------------------------[m
[[1;34mINFO[m] [1;31mBUILD FAILURE[m
[[1;34mINFO[m] [1m------------------------------------------------------------------------[m
[[1;34mINFO[m] Total time:  0.068 s
[[1;34mINFO[m] Finished at: 2024-04-23T07:10:02+03:00
[[1;34mINFO[m] [1m------------------------------------------------------------------------[m
[[1;31mERROR[m] The goal you specified requires a project to execute but there is no POM in this directory (/root/.jenkins/nodes/slave/workspace/L5-1). Please verify you invoked Maven from the correct directory. -> [1m[Help 1][m
[[1;31mERROR[m] 
[[1;31mERROR[m] To see the full stack trace of the errors, re-run Maven with the [1m-e[m switch.
[[1;31mERROR[m] Re-run Maven using the [1m-X[m switch to enable full debug logging.
[[1;31mERROR[m] 
[[1;31mERROR[m] For more information about the errors and possible solutions, please read the following articles:
[[1;31mERROR[m] [1m[Help 1][m http://cwiki.apache.org/confluence/display/MAVEN/MissingProjectException
Build step 'Invoke top-level Maven targets' marked build as failure
Finished: FAILURE
